{"C:\\Documents\\Enrichment_Project\\backend\\server.js": {"path":"C:\\Documents\\Enrichment_Project\\backend\\server.js","statementMap":{"0":{"start":{"line":1,"column":16},"end":{"line":1,"column":34}},"1":{"start":{"line":2,"column":17},"end":{"line":2,"column":42}},"2":{"start":{"line":4,"column":12},"end":{"line":4,"column":21}},"3":{"start":{"line":5,"column":13},"end":{"line":5,"column":37}},"4":{"start":{"line":8,"column":0},"end":{"line":8,"column":24}},"5":{"start":{"line":11,"column":11},"end":{"line":11,"column":34}},"6":{"start":{"line":12,"column":0},"end":{"line":17,"column":9}},"7":{"start":{"line":22,"column":0},"end":{"line":24,"column":3}},"8":{"start":{"line":23,"column":2},"end":{"line":23,"column":68}},"9":{"start":{"line":27,"column":0},"end":{"line":30,"column":3}},"10":{"start":{"line":28,"column":16},"end":{"line":28,"column":55}},"11":{"start":{"line":29,"column":2},"end":{"line":29,"column":18}},"12":{"start":{"line":33,"column":0},"end":{"line":36,"column":3}},"13":{"start":{"line":34,"column":16},"end":{"line":34,"column":55}},"14":{"start":{"line":35,"column":2},"end":{"line":35,"column":18}},"15":{"start":{"line":39,"column":0},"end":{"line":44,"column":3}},"16":{"start":{"line":40,"column":17},"end":{"line":40,"column":27}},"17":{"start":{"line":41,"column":15},"end":{"line":41,"column":69}},"18":{"start":{"line":42,"column":2},"end":{"line":42,"column":70}},"19":{"start":{"line":42,"column":13},"end":{"line":42,"column":70}},"20":{"start":{"line":43,"column":2},"end":{"line":43,"column":17}},"21":{"start":{"line":47,"column":0},"end":{"line":54,"column":3}},"22":{"start":{"line":48,"column":19},"end":{"line":48,"column":27}},"23":{"start":{"line":49,"column":2},"end":{"line":49,"column":72}},"24":{"start":{"line":49,"column":13},"end":{"line":49,"column":72}},"25":{"start":{"line":51,"column":15},"end":{"line":51,"column":64}},"26":{"start":{"line":52,"column":15},"end":{"line":52,"column":29}},"27":{"start":{"line":53,"column":2},"end":{"line":53,"column":59}},"28":{"start":{"line":57,"column":0},"end":{"line":69,"column":3}},"29":{"start":{"line":58,"column":17},"end":{"line":58,"column":27}},"30":{"start":{"line":59,"column":19},"end":{"line":59,"column":27}},"31":{"start":{"line":61,"column":2},"end":{"line":61,"column":72}},"32":{"start":{"line":61,"column":13},"end":{"line":61,"column":72}},"33":{"start":{"line":63,"column":15},"end":{"line":63,"column":67}},"34":{"start":{"line":64,"column":17},"end":{"line":64,"column":35}},"35":{"start":{"line":66,"column":2},"end":{"line":66,"column":85}},"36":{"start":{"line":66,"column":28},"end":{"line":66,"column":85}},"37":{"start":{"line":68,"column":2},"end":{"line":68,"column":37}},"38":{"start":{"line":72,"column":0},"end":{"line":80,"column":3}},"39":{"start":{"line":73,"column":17},"end":{"line":73,"column":27}},"40":{"start":{"line":74,"column":15},"end":{"line":74,"column":59}},"41":{"start":{"line":75,"column":17},"end":{"line":75,"column":29}},"42":{"start":{"line":77,"column":2},"end":{"line":77,"column":85}},"43":{"start":{"line":77,"column":28},"end":{"line":77,"column":85}},"44":{"start":{"line":79,"column":2},"end":{"line":79,"column":60}},"45":{"start":{"line":83,"column":0},"end":{"line":85,"column":1}},"46":{"start":{"line":84,"column":2},"end":{"line":84,"column":78}},"47":{"start":{"line":84,"column":25},"end":{"line":84,"column":76}},"48":{"start":{"line":87,"column":0},"end":{"line":87,"column":21}}},"fnMap":{"0":{"name":"(anonymous_0)","decl":{"start":{"line":22,"column":13},"end":{"line":22,"column":14}},"loc":{"start":{"line":22,"column":27},"end":{"line":24,"column":1}},"line":22},"1":{"name":"(anonymous_1)","decl":{"start":{"line":27,"column":25},"end":{"line":27,"column":26}},"loc":{"start":{"line":27,"column":39},"end":{"line":30,"column":1}},"line":27},"2":{"name":"(anonymous_2)","decl":{"start":{"line":33,"column":22},"end":{"line":33,"column":23}},"loc":{"start":{"line":33,"column":36},"end":{"line":36,"column":1}},"line":33},"3":{"name":"(anonymous_3)","decl":{"start":{"line":39,"column":26},"end":{"line":39,"column":27}},"loc":{"start":{"line":39,"column":40},"end":{"line":44,"column":1}},"line":39},"4":{"name":"(anonymous_4)","decl":{"start":{"line":47,"column":23},"end":{"line":47,"column":24}},"loc":{"start":{"line":47,"column":37},"end":{"line":54,"column":1}},"line":47},"5":{"name":"(anonymous_5)","decl":{"start":{"line":57,"column":26},"end":{"line":57,"column":27}},"loc":{"start":{"line":57,"column":40},"end":{"line":69,"column":1}},"line":57},"6":{"name":"(anonymous_6)","decl":{"start":{"line":72,"column":29},"end":{"line":72,"column":30}},"loc":{"start":{"line":72,"column":43},"end":{"line":80,"column":1}},"line":72},"7":{"name":"(anonymous_7)","decl":{"start":{"line":84,"column":19},"end":{"line":84,"column":20}},"loc":{"start":{"line":84,"column":25},"end":{"line":84,"column":76}},"line":84}},"branchMap":{"0":{"loc":{"start":{"line":5,"column":13},"end":{"line":5,"column":37}},"type":"binary-expr","locations":[{"start":{"line":5,"column":13},"end":{"line":5,"column":29}},{"start":{"line":5,"column":33},"end":{"line":5,"column":37}}],"line":5},"1":{"loc":{"start":{"line":42,"column":2},"end":{"line":42,"column":70}},"type":"if","locations":[{"start":{"line":42,"column":2},"end":{"line":42,"column":70}},{"start":{},"end":{}}],"line":42},"2":{"loc":{"start":{"line":49,"column":2},"end":{"line":49,"column":72}},"type":"if","locations":[{"start":{"line":49,"column":2},"end":{"line":49,"column":72}},{"start":{},"end":{}}],"line":49},"3":{"loc":{"start":{"line":61,"column":2},"end":{"line":61,"column":72}},"type":"if","locations":[{"start":{"line":61,"column":2},"end":{"line":61,"column":72}},{"start":{},"end":{}}],"line":61},"4":{"loc":{"start":{"line":66,"column":2},"end":{"line":66,"column":85}},"type":"if","locations":[{"start":{"line":66,"column":2},"end":{"line":66,"column":85}},{"start":{},"end":{}}],"line":66},"5":{"loc":{"start":{"line":77,"column":2},"end":{"line":77,"column":85}},"type":"if","locations":[{"start":{"line":77,"column":2},"end":{"line":77,"column":85}},{"start":{},"end":{}}],"line":77},"6":{"loc":{"start":{"line":83,"column":0},"end":{"line":85,"column":1}},"type":"if","locations":[{"start":{"line":83,"column":0},"end":{"line":85,"column":1}},{"start":{},"end":{}}],"line":83}},"s":{"0":1,"1":1,"2":1,"3":1,"4":1,"5":1,"6":1,"7":1,"8":1,"9":1,"10":0,"11":0,"12":1,"13":1,"14":1,"15":1,"16":3,"17":3,"18":3,"19":1,"20":2,"21":1,"22":4,"23":4,"24":0,"25":4,"26":4,"27":4,"28":1,"29":2,"30":2,"31":2,"32":0,"33":2,"34":2,"35":2,"36":1,"37":1,"38":1,"39":2,"40":2,"41":2,"42":2,"43":1,"44":1,"45":1,"46":0,"47":0,"48":1},"f":{"0":1,"1":0,"2":1,"3":3,"4":4,"5":2,"6":2,"7":0},"b":{"0":[1,1],"1":[1,2],"2":[0,4],"3":[0,2],"4":[1,1],"5":[1,1],"6":[0,1]},"_coverageSchema":"1a1c01bbd47fc00a2c39e90264f33305004495a9","hash":"2cc97d4e10315667f5801601c70adf033ca1dcc4"}
}
