{"C:\\Documents\\Enrichment_Project\\backend\\server.js": {"path":"C:\\Documents\\Enrichment_Project\\backend\\server.js","statementMap":{"0":{"start":{"line":2,"column":16},"end":{"line":2,"column":34}},"1":{"start":{"line":3,"column":17},"end":{"line":3,"column":42}},"2":{"start":{"line":4,"column":11},"end":{"line":4,"column":24}},"3":{"start":{"line":5,"column":12},"end":{"line":5,"column":21}},"4":{"start":{"line":6,"column":13},"end":{"line":6,"column":37}},"5":{"start":{"line":9,"column":0},"end":{"line":9,"column":24}},"6":{"start":{"line":13,"column":15},"end":{"line":13,"column":71}},"7":{"start":{"line":15,"column":0},"end":{"line":21,"column":1}},"8":{"start":{"line":16,"column":2},"end":{"line":20,"column":3}},"9":{"start":{"line":17,"column":4},"end":{"line":17,"column":26}},"10":{"start":{"line":19,"column":4},"end":{"line":19,"column":57}},"11":{"start":{"line":23,"column":11},"end":{"line":23,"column":31}},"12":{"start":{"line":26,"column":0},"end":{"line":31,"column":9}},"13":{"start":{"line":34,"column":0},"end":{"line":46,"column":9}},"14":{"start":{"line":49,"column":0},"end":{"line":58,"column":9}},"15":{"start":{"line":63,"column":0},"end":{"line":65,"column":3}},"16":{"start":{"line":64,"column":2},"end":{"line":64,"column":68}},"17":{"start":{"line":72,"column":0},"end":{"line":75,"column":3}},"18":{"start":{"line":73,"column":16},"end":{"line":73,"column":55}},"19":{"start":{"line":74,"column":2},"end":{"line":74,"column":18}},"20":{"start":{"line":78,"column":0},"end":{"line":82,"column":3}},"21":{"start":{"line":79,"column":15},"end":{"line":79,"column":80}},"22":{"start":{"line":80,"column":2},"end":{"line":80,"column":70}},"23":{"start":{"line":80,"column":13},"end":{"line":80,"column":70}},"24":{"start":{"line":81,"column":2},"end":{"line":81,"column":17}},"25":{"start":{"line":85,"column":0},"end":{"line":91,"column":3}},"26":{"start":{"line":86,"column":19},"end":{"line":86,"column":27}},"27":{"start":{"line":87,"column":2},"end":{"line":87,"column":72}},"28":{"start":{"line":87,"column":13},"end":{"line":87,"column":72}},"29":{"start":{"line":89,"column":17},"end":{"line":89,"column":76}},"30":{"start":{"line":90,"column":2},"end":{"line":90,"column":61}},"31":{"start":{"line":94,"column":0},"end":{"line":103,"column":3}},"32":{"start":{"line":95,"column":19},"end":{"line":95,"column":27}},"33":{"start":{"line":96,"column":2},"end":{"line":96,"column":72}},"34":{"start":{"line":96,"column":13},"end":{"line":96,"column":72}},"35":{"start":{"line":98,"column":17},"end":{"line":98,"column":94}},"36":{"start":{"line":99,"column":2},"end":{"line":99,"column":85}},"37":{"start":{"line":99,"column":28},"end":{"line":99,"column":85}},"38":{"start":{"line":101,"column":22},"end":{"line":101,"column":87}},"39":{"start":{"line":102,"column":2},"end":{"line":102,"column":24}},"40":{"start":{"line":106,"column":0},"end":{"line":110,"column":3}},"41":{"start":{"line":107,"column":17},"end":{"line":107,"column":80}},"42":{"start":{"line":108,"column":2},"end":{"line":108,"column":85}},"43":{"start":{"line":108,"column":28},"end":{"line":108,"column":85}},"44":{"start":{"line":109,"column":2},"end":{"line":109,"column":70}},"45":{"start":{"line":117,"column":0},"end":{"line":133,"column":3}},"46":{"start":{"line":122,"column":6},"end":{"line":122,"column":14}},"47":{"start":{"line":124,"column":2},"end":{"line":125,"column":86}},"48":{"start":{"line":125,"column":4},"end":{"line":125,"column":86}},"49":{"start":{"line":127,"column":17},"end":{"line":130,"column":100}},"50":{"start":{"line":132,"column":2},"end":{"line":132,"column":92}},"51":{"start":{"line":136,"column":0},"end":{"line":139,"column":3}},"52":{"start":{"line":137,"column":17},"end":{"line":137,"column":54}},"53":{"start":{"line":138,"column":2},"end":{"line":138,"column":19}},"54":{"start":{"line":142,"column":0},"end":{"line":146,"column":3}},"55":{"start":{"line":143,"column":14},"end":{"line":143,"column":77}},"56":{"start":{"line":144,"column":2},"end":{"line":144,"column":68}},"57":{"start":{"line":144,"column":12},"end":{"line":144,"column":68}},"58":{"start":{"line":145,"column":2},"end":{"line":145,"column":16}},"59":{"start":{"line":149,"column":0},"end":{"line":166,"column":3}},"60":{"start":{"line":150,"column":105},"end":{"line":150,"column":113}},"61":{"start":{"line":151,"column":17},"end":{"line":162,"column":115}},"62":{"start":{"line":164,"column":2},"end":{"line":164,"column":84}},"63":{"start":{"line":164,"column":28},"end":{"line":164,"column":84}},"64":{"start":{"line":165,"column":2},"end":{"line":165,"column":52}},"65":{"start":{"line":169,"column":0},"end":{"line":174,"column":3}},"66":{"start":{"line":170,"column":2},"end":{"line":170,"column":70}},"67":{"start":{"line":171,"column":17},"end":{"line":171,"column":78}},"68":{"start":{"line":172,"column":2},"end":{"line":172,"column":84}},"69":{"start":{"line":172,"column":28},"end":{"line":172,"column":84}},"70":{"start":{"line":173,"column":2},"end":{"line":173,"column":66}},"71":{"start":{"line":181,"column":0},"end":{"line":194,"column":3}},"72":{"start":{"line":182,"column":39},"end":{"line":182,"column":47}},"73":{"start":{"line":183,"column":2},"end":{"line":183,"column":82}},"74":{"start":{"line":183,"column":18},"end":{"line":183,"column":82}},"75":{"start":{"line":185,"column":20},"end":{"line":185,"column":84}},"76":{"start":{"line":186,"column":2},"end":{"line":186,"column":74}},"77":{"start":{"line":186,"column":18},"end":{"line":186,"column":74}},"78":{"start":{"line":188,"column":17},"end":{"line":191,"column":69}},"79":{"start":{"line":193,"column":2},"end":{"line":193,"column":102}},"80":{"start":{"line":197,"column":0},"end":{"line":200,"column":3}},"81":{"start":{"line":198,"column":16},"end":{"line":198,"column":85}},"82":{"start":{"line":199,"column":2},"end":{"line":199,"column":18}},"83":{"start":{"line":203,"column":0},"end":{"line":215,"column":3}},"84":{"start":{"line":204,"column":39},"end":{"line":204,"column":47}},"85":{"start":{"line":205,"column":17},"end":{"line":211,"column":49}},"86":{"start":{"line":213,"column":2},"end":{"line":213,"column":85}},"87":{"start":{"line":213,"column":28},"end":{"line":213,"column":85}},"88":{"start":{"line":214,"column":2},"end":{"line":214,"column":53}},"89":{"start":{"line":218,"column":0},"end":{"line":222,"column":3}},"90":{"start":{"line":219,"column":17},"end":{"line":219,"column":80}},"91":{"start":{"line":220,"column":2},"end":{"line":220,"column":85}},"92":{"start":{"line":220,"column":28},"end":{"line":220,"column":85}},"93":{"start":{"line":221,"column":2},"end":{"line":221,"column":53}},"94":{"start":{"line":227,"column":0},"end":{"line":232,"column":3}},"95":{"start":{"line":228,"column":16},"end":{"line":228,"column":55}},"96":{"start":{"line":229,"column":14},"end":{"line":229,"column":51}},"97":{"start":{"line":230,"column":16},"end":{"line":230,"column":55}},"98":{"start":{"line":231,"column":2},"end":{"line":231,"column":34}},"99":{"start":{"line":235,"column":0},"end":{"line":243,"column":1}},"100":{"start":{"line":236,"column":2},"end":{"line":242,"column":5}},"101":{"start":{"line":237,"column":4},"end":{"line":241,"column":5}},"102":{"start":{"line":238,"column":6},"end":{"line":238,"column":17}},"103":{"start":{"line":240,"column":6},"end":{"line":240,"column":56}},"104":{"start":{"line":246,"column":0},"end":{"line":250,"column":1}},"105":{"start":{"line":247,"column":2},"end":{"line":249,"column":5}},"106":{"start":{"line":248,"column":4},"end":{"line":248,"column":56}},"107":{"start":{"line":252,"column":0},"end":{"line":252,"column":21}}},"fnMap":{"0":{"name":"(anonymous_0)","decl":{"start":{"line":63,"column":13},"end":{"line":63,"column":14}},"loc":{"start":{"line":63,"column":27},"end":{"line":65,"column":1}},"line":63},"1":{"name":"(anonymous_1)","decl":{"start":{"line":72,"column":22},"end":{"line":72,"column":23}},"loc":{"start":{"line":72,"column":36},"end":{"line":75,"column":1}},"line":72},"2":{"name":"(anonymous_2)","decl":{"start":{"line":78,"column":26},"end":{"line":78,"column":27}},"loc":{"start":{"line":78,"column":40},"end":{"line":82,"column":1}},"line":78},"3":{"name":"(anonymous_3)","decl":{"start":{"line":85,"column":23},"end":{"line":85,"column":24}},"loc":{"start":{"line":85,"column":37},"end":{"line":91,"column":1}},"line":85},"4":{"name":"(anonymous_4)","decl":{"start":{"line":94,"column":26},"end":{"line":94,"column":27}},"loc":{"start":{"line":94,"column":40},"end":{"line":103,"column":1}},"line":94},"5":{"name":"(anonymous_5)","decl":{"start":{"line":106,"column":29},"end":{"line":106,"column":30}},"loc":{"start":{"line":106,"column":43},"end":{"line":110,"column":1}},"line":106},"6":{"name":"(anonymous_6)","decl":{"start":{"line":117,"column":21},"end":{"line":117,"column":22}},"loc":{"start":{"line":117,"column":35},"end":{"line":133,"column":1}},"line":117},"7":{"name":"(anonymous_7)","decl":{"start":{"line":136,"column":20},"end":{"line":136,"column":21}},"loc":{"start":{"line":136,"column":34},"end":{"line":139,"column":1}},"line":136},"8":{"name":"(anonymous_8)","decl":{"start":{"line":142,"column":24},"end":{"line":142,"column":25}},"loc":{"start":{"line":142,"column":38},"end":{"line":146,"column":1}},"line":142},"9":{"name":"(anonymous_9)","decl":{"start":{"line":149,"column":24},"end":{"line":149,"column":25}},"loc":{"start":{"line":149,"column":38},"end":{"line":166,"column":1}},"line":149},"10":{"name":"(anonymous_10)","decl":{"start":{"line":169,"column":27},"end":{"line":169,"column":28}},"loc":{"start":{"line":169,"column":41},"end":{"line":174,"column":1}},"line":169},"11":{"name":"(anonymous_11)","decl":{"start":{"line":181,"column":31},"end":{"line":181,"column":32}},"loc":{"start":{"line":181,"column":45},"end":{"line":194,"column":1}},"line":181},"12":{"name":"(anonymous_12)","decl":{"start":{"line":197,"column":30},"end":{"line":197,"column":31}},"loc":{"start":{"line":197,"column":44},"end":{"line":200,"column":1}},"line":197},"13":{"name":"(anonymous_13)","decl":{"start":{"line":203,"column":26},"end":{"line":203,"column":27}},"loc":{"start":{"line":203,"column":40},"end":{"line":215,"column":1}},"line":203},"14":{"name":"(anonymous_14)","decl":{"start":{"line":218,"column":29},"end":{"line":218,"column":30}},"loc":{"start":{"line":218,"column":43},"end":{"line":222,"column":1}},"line":218},"15":{"name":"(anonymous_15)","decl":{"start":{"line":227,"column":25},"end":{"line":227,"column":26}},"loc":{"start":{"line":227,"column":39},"end":{"line":232,"column":1}},"line":227},"16":{"name":"(anonymous_16)","decl":{"start":{"line":236,"column":11},"end":{"line":236,"column":12}},"loc":{"start":{"line":236,"column":17},"end":{"line":242,"column":3}},"line":236},"17":{"name":"(anonymous_17)","decl":{"start":{"line":247,"column":19},"end":{"line":247,"column":20}},"loc":{"start":{"line":247,"column":25},"end":{"line":249,"column":3}},"line":247}},"branchMap":{"0":{"loc":{"start":{"line":6,"column":13},"end":{"line":6,"column":37}},"type":"binary-expr","locations":[{"start":{"line":6,"column":13},"end":{"line":6,"column":29}},{"start":{"line":6,"column":33},"end":{"line":6,"column":37}}],"line":6},"1":{"loc":{"start":{"line":13,"column":15},"end":{"line":13,"column":71}},"type":"cond-expr","locations":[{"start":{"line":13,"column":49},"end":{"line":13,"column":59}},{"start":{"line":13,"column":62},"end":{"line":13,"column":71}}],"line":13},"2":{"loc":{"start":{"line":15,"column":0},"end":{"line":21,"column":1}},"type":"if","locations":[{"start":{"line":15,"column":0},"end":{"line":21,"column":1}},{"start":{},"end":{}}],"line":15},"3":{"loc":{"start":{"line":15,"column":4},"end":{"line":15,"column":60}},"type":"binary-expr","locations":[{"start":{"line":15,"column":4},"end":{"line":15,"column":35}},{"start":{"line":15,"column":39},"end":{"line":15,"column":60}}],"line":15},"4":{"loc":{"start":{"line":80,"column":2},"end":{"line":80,"column":70}},"type":"if","locations":[{"start":{"line":80,"column":2},"end":{"line":80,"column":70}},{"start":{},"end":{}}],"line":80},"5":{"loc":{"start":{"line":87,"column":2},"end":{"line":87,"column":72}},"type":"if","locations":[{"start":{"line":87,"column":2},"end":{"line":87,"column":72}},{"start":{},"end":{}}],"line":87},"6":{"loc":{"start":{"line":96,"column":2},"end":{"line":96,"column":72}},"type":"if","locations":[{"start":{"line":96,"column":2},"end":{"line":96,"column":72}},{"start":{},"end":{}}],"line":96},"7":{"loc":{"start":{"line":99,"column":2},"end":{"line":99,"column":85}},"type":"if","locations":[{"start":{"line":99,"column":2},"end":{"line":99,"column":85}},{"start":{},"end":{}}],"line":99},"8":{"loc":{"start":{"line":108,"column":2},"end":{"line":108,"column":85}},"type":"if","locations":[{"start":{"line":108,"column":2},"end":{"line":108,"column":85}},{"start":{},"end":{}}],"line":108},"9":{"loc":{"start":{"line":124,"column":2},"end":{"line":125,"column":86}},"type":"if","locations":[{"start":{"line":124,"column":2},"end":{"line":125,"column":86}},{"start":{},"end":{}}],"line":124},"10":{"loc":{"start":{"line":124,"column":6},"end":{"line":124,"column":35}},"type":"binary-expr","locations":[{"start":{"line":124,"column":6},"end":{"line":124,"column":11}},{"start":{"line":124,"column":15},"end":{"line":124,"column":23}},{"start":{"line":124,"column":27},"end":{"line":124,"column":35}}],"line":124},"11":{"loc":{"start":{"line":144,"column":2},"end":{"line":144,"column":68}},"type":"if","locations":[{"start":{"line":144,"column":2},"end":{"line":144,"column":68}},{"start":{},"end":{}}],"line":144},"12":{"loc":{"start":{"line":164,"column":2},"end":{"line":164,"column":84}},"type":"if","locations":[{"start":{"line":164,"column":2},"end":{"line":164,"column":84}},{"start":{},"end":{}}],"line":164},"13":{"loc":{"start":{"line":172,"column":2},"end":{"line":172,"column":84}},"type":"if","locations":[{"start":{"line":172,"column":2},"end":{"line":172,"column":84}},{"start":{},"end":{}}],"line":172},"14":{"loc":{"start":{"line":183,"column":2},"end":{"line":183,"column":82}},"type":"if","locations":[{"start":{"line":183,"column":2},"end":{"line":183,"column":82}},{"start":{},"end":{}}],"line":183},"15":{"loc":{"start":{"line":186,"column":2},"end":{"line":186,"column":74}},"type":"if","locations":[{"start":{"line":186,"column":2},"end":{"line":186,"column":74}},{"start":{},"end":{}}],"line":186},"16":{"loc":{"start":{"line":191,"column":35},"end":{"line":191,"column":45}},"type":"binary-expr","locations":[{"start":{"line":191,"column":35},"end":{"line":191,"column":40}},{"start":{"line":191,"column":44},"end":{"line":191,"column":45}}],"line":191},"17":{"loc":{"start":{"line":191,"column":47},"end":{"line":191,"column":68}},"type":"binary-expr","locations":[{"start":{"line":191,"column":47},"end":{"line":191,"column":53}},{"start":{"line":191,"column":57},"end":{"line":191,"column":68}}],"line":191},"18":{"loc":{"start":{"line":213,"column":2},"end":{"line":213,"column":85}},"type":"if","locations":[{"start":{"line":213,"column":2},"end":{"line":213,"column":85}},{"start":{},"end":{}}],"line":213},"19":{"loc":{"start":{"line":220,"column":2},"end":{"line":220,"column":85}},"type":"if","locations":[{"start":{"line":220,"column":2},"end":{"line":220,"column":85}},{"start":{},"end":{}}],"line":220},"20":{"loc":{"start":{"line":235,"column":0},"end":{"line":243,"column":1}},"type":"if","locations":[{"start":{"line":235,"column":0},"end":{"line":243,"column":1}},{"start":{},"end":{}}],"line":235},"21":{"loc":{"start":{"line":246,"column":0},"end":{"line":250,"column":1}},"type":"if","locations":[{"start":{"line":246,"column":0},"end":{"line":250,"column":1}},{"start":{},"end":{}}],"line":246}},"s":{"0":3,"1":3,"2":3,"3":3,"4":3,"5":3,"6":3,"7":3,"8":0,"9":0,"10":0,"11":3,"12":3,"13":3,"14":3,"15":3,"16":1,"17":3,"18":3,"19":3,"20":3,"21":4,"22":4,"23":1,"24":3,"25":3,"26":7,"27":7,"28":0,"29":7,"30":7,"31":3,"32":2,"33":2,"34":0,"35":2,"36":2,"37":1,"38":1,"39":1,"40":3,"41":3,"42":3,"43":1,"44":2,"45":3,"46":4,"47":4,"48":0,"49":4,"50":4,"51":3,"52":2,"53":2,"54":3,"55":1,"56":1,"57":0,"58":1,"59":3,"60":1,"61":1,"62":1,"63":0,"64":1,"65":3,"66":1,"67":1,"68":1,"69":0,"70":1,"71":3,"72":2,"73":2,"74":0,"75":2,"76":2,"77":0,"78":2,"79":2,"80":3,"81":2,"82":2,"83":3,"84":1,"85":1,"86":1,"87":0,"88":1,"89":3,"90":1,"91":1,"92":0,"93":1,"94":3,"95":0,"96":0,"97":0,"98":0,"99":3,"100":3,"101":3,"102":3,"103":0,"104":3,"105":0,"106":0,"107":3},"f":{"0":1,"1":3,"2":4,"3":7,"4":2,"5":3,"6":4,"7":2,"8":1,"9":1,"10":1,"11":2,"12":2,"13":1,"14":1,"15":0,"16":3,"17":0},"b":{"0":[3,3],"1":[3,0],"2":[0,3],"3":[3,0],"4":[1,3],"5":[0,7],"6":[0,2],"7":[1,1],"8":[1,2],"9":[0,4],"10":[4,4,4],"11":[0,1],"12":[0,1],"13":[0,1],"14":[0,2],"15":[0,2],"16":[2,0],"17":[2,0],"18":[0,1],"19":[0,1],"20":[3,0],"21":[0,3]},"_coverageSchema":"1a1c01bbd47fc00a2c39e90264f33305004495a9","hash":"fecb48475e87188a792266ea82a86b419eedc055"}
}
