TN:
SF:server.js
FN:63,(anonymous_0)
FN:72,(anonymous_1)
FN:78,(anonymous_2)
FN:85,(anonymous_3)
FN:94,(anonymous_4)
FN:106,(anonymous_5)
FN:117,(anonymous_6)
FN:136,(anonymous_7)
FN:142,(anonymous_8)
FN:149,(anonymous_9)
FN:169,(anonymous_10)
FN:181,(anonymous_11)
FN:197,(anonymous_12)
FN:203,(anonymous_13)
FN:218,(anonymous_14)
FN:227,(anonymous_15)
FN:236,(anonymous_16)
FN:247,(anonymous_17)
FNF:18
FNH:16
FNDA:1,(anonymous_0)
FNDA:3,(anonymous_1)
FNDA:4,(anonymous_2)
FNDA:7,(anonymous_3)
FNDA:2,(anonymous_4)
FNDA:3,(anonymous_5)
FNDA:4,(anonymous_6)
FNDA:2,(anonymous_7)
FNDA:1,(anonymous_8)
FNDA:1,(anonymous_9)
FNDA:1,(anonymous_10)
FNDA:2,(anonymous_11)
FNDA:2,(anonymous_12)
FNDA:1,(anonymous_13)
FNDA:1,(anonymous_14)
FNDA:0,(anonymous_15)
FNDA:3,(anonymous_16)
FNDA:0,(anonymous_17)
DA:2,3
DA:3,3
DA:4,3
DA:5,3
DA:6,3
DA:9,3
DA:13,3
DA:15,3
DA:16,0
DA:17,0
DA:19,0
DA:23,3
DA:26,3
DA:34,3
DA:49,3
DA:63,3
DA:64,1
DA:72,3
DA:73,3
DA:74,3
DA:78,3
DA:79,4
DA:80,4
DA:81,3
DA:85,3
DA:86,7
DA:87,7
DA:89,7
DA:90,7
DA:94,3
DA:95,2
DA:96,2
DA:98,2
DA:99,2
DA:101,1
DA:102,1
DA:106,3
DA:107,3
DA:108,3
DA:109,2
DA:117,3
DA:122,4
DA:124,4
DA:125,0
DA:127,4
DA:132,4
DA:136,3
DA:137,2
DA:138,2
DA:142,3
DA:143,1
DA:144,1
DA:145,1
DA:149,3
DA:150,1
DA:151,1
DA:164,1
DA:165,1
DA:169,3
DA:170,1
DA:171,1
DA:172,1
DA:173,1
DA:181,3
DA:182,2
DA:183,2
DA:185,2
DA:186,2
DA:188,2
DA:193,2
DA:197,3
DA:198,2
DA:199,2
DA:203,3
DA:204,1
DA:205,1
DA:213,1
DA:214,1
DA:218,3
DA:219,1
DA:220,1
DA:221,1
DA:227,3
DA:228,0
DA:229,0
DA:230,0
DA:231,0
DA:235,3
DA:236,3
DA:237,3
DA:238,3
DA:240,0
DA:246,3
DA:247,0
DA:248,0
DA:252,3
LF:96
LH:85
BRDA:6,0,0,3
BRDA:6,0,1,3
BRDA:13,1,0,3
BRDA:13,1,1,0
BRDA:15,2,0,0
BRDA:15,2,1,3
BRDA:15,3,0,3
BRDA:15,3,1,0
BRDA:80,4,0,1
BRDA:80,4,1,3
BRDA:87,5,0,0
BRDA:87,5,1,7
BRDA:96,6,0,0
BRDA:96,6,1,2
BRDA:99,7,0,1
BRDA:99,7,1,1
BRDA:108,8,0,1
BRDA:108,8,1,2
BRDA:124,9,0,0
BRDA:124,9,1,4
BRDA:124,10,0,4
BRDA:124,10,1,4
BRDA:124,10,2,4
BRDA:144,11,0,0
BRDA:144,11,1,1
BRDA:164,12,0,0
BRDA:164,12,1,1
BRDA:172,13,0,0
BRDA:172,13,1,1
BRDA:183,14,0,0
BRDA:183,14,1,2
BRDA:186,15,0,0
BRDA:186,15,1,2
BRDA:191,16,0,2
BRDA:191,16,1,0
BRDA:191,17,0,2
BRDA:191,17,1,0
BRDA:213,18,0,0
BRDA:213,18,1,1
BRDA:220,19,0,0
BRDA:220,19,1,1
BRDA:235,20,0,3
BRDA:235,20,1,0
BRDA:246,21,0,0
BRDA:246,21,1,3
BRF:45
BRH:28
end_of_record
