TN:
SF:server.js
FN:22,(anonymous_0)
FN:27,(anonymous_1)
FN:33,(anonymous_2)
FN:39,(anonymous_3)
FN:47,(anonymous_4)
FN:57,(anonymous_5)
FN:72,(anonymous_6)
FN:84,(anonymous_7)
FNF:8
FNH:6
FNDA:1,(anonymous_0)
FNDA:0,(anonymous_1)
FNDA:1,(anonymous_2)
FNDA:3,(anonymous_3)
FNDA:4,(anonymous_4)
FNDA:2,(anonymous_5)
FNDA:2,(anonymous_6)
FNDA:0,(anonymous_7)
DA:1,1
DA:2,1
DA:4,1
DA:5,1
DA:8,1
DA:11,1
DA:12,1
DA:22,1
DA:23,1
DA:27,1
DA:28,0
DA:29,0
DA:33,1
DA:34,1
DA:35,1
DA:39,1
DA:40,3
DA:41,3
DA:42,3
DA:43,2
DA:47,1
DA:48,4
DA:49,4
DA:51,4
DA:52,4
DA:53,4
DA:57,1
DA:58,2
DA:59,2
DA:61,2
DA:63,2
DA:64,2
DA:66,2
DA:68,1
DA:72,1
DA:73,2
DA:74,2
DA:75,2
DA:77,2
DA:79,1
DA:83,1
DA:84,0
DA:87,1
LF:43
LH:40
BRDA:5,0,0,1
BRDA:5,0,1,1
BRDA:42,1,0,1
BRDA:42,1,1,2
BRDA:49,2,0,0
BRDA:49,2,1,4
BRDA:61,3,0,0
BRDA:61,3,1,2
BRDA:66,4,0,1
BRDA:66,4,1,1
BRDA:77,5,0,1
BRDA:77,5,1,1
BRDA:83,6,0,0
BRDA:83,6,1,1
BRF:14
BRH:11
end_of_record
